<?xml version="1.0" encoding="UTF-8"?>
<testsuite name="com.leveloper.test.springboot.domain.posts.PostsRepositoryTest" tests="2" skipped="0" failures="0" errors="0" timestamp="2020-01-08T07:59:52" hostname="Hanbyeolui-MacBook-Pro.local" time="0.025">
  <properties/>
  <testcase name="게시글저장_불러오기" classname="com.leveloper.test.springboot.domain.posts.PostsRepositoryTest" time="0.017"/>
  <testcase name="BaseTimeEntity_등록" classname="com.leveloper.test.springboot.domain.posts.PostsRepositoryTest" time="0.008"/>
  <system-out><![CDATA[2020-01-08 16:59:51.240  INFO 52934 --- [    Test worker] .b.t.c.SpringBootTestContextBootstrapper : Neither @ContextConfiguration nor @ContextHierarchy found for test class [com.leveloper.test.springboot.domain.posts.PostsRepositoryTest], using SpringBootContextLoader
2020-01-08 16:59:51.241  INFO 52934 --- [    Test worker] o.s.t.c.support.AbstractContextLoader    : Could not detect default resource locations for test class [com.leveloper.test.springboot.domain.posts.PostsRepositoryTest]: no resource found for suffixes {-context.xml, Context.groovy}.
2020-01-08 16:59:51.241  INFO 52934 --- [    Test worker] t.c.s.AnnotationConfigContextLoaderUtils : Could not detect default configuration classes for test class [com.leveloper.test.springboot.domain.posts.PostsRepositoryTest]: PostsRepositoryTest does not declare any static, non-private, non-final, nested classes annotated with @Configuration.
2020-01-08 16:59:51.246  INFO 52934 --- [    Test worker] .b.t.c.SpringBootTestContextBootstrapper : Found @SpringBootConfiguration com.leveloper.test.springboot.Application for test class com.leveloper.test.springboot.domain.posts.PostsRepositoryTest
2020-01-08 16:59:51.247  INFO 52934 --- [    Test worker] .b.t.c.SpringBootTestContextBootstrapper : Loaded default TestExecutionListener class names from location [META-INF/spring.factories]: [org.springframework.security.test.context.support.WithSecurityContextTestExecutionListener, org.springframework.security.test.context.support.ReactorContextTestExecutionListener, org.springframework.boot.test.autoconfigure.restdocs.RestDocsTestExecutionListener, org.springframework.boot.test.autoconfigure.web.client.MockRestServiceServerResetTestExecutionListener, org.springframework.boot.test.autoconfigure.web.servlet.MockMvcPrintOnlyOnFailureTestExecutionListener, org.springframework.boot.test.autoconfigure.web.servlet.WebDriverTestExecutionListener, org.springframework.boot.test.mock.mockito.MockitoTestExecutionListener, org.springframework.boot.test.mock.mockito.ResetMocksTestExecutionListener, org.springframework.test.context.web.ServletTestExecutionListener, org.springframework.test.context.support.DirtiesContextBeforeModesTestExecutionListener, org.springframework.test.context.support.DependencyInjectionTestExecutionListener, org.springframework.test.context.support.DirtiesContextTestExecutionListener, org.springframework.test.context.transaction.TransactionalTestExecutionListener, org.springframework.test.context.jdbc.SqlScriptsTestExecutionListener]
2020-01-08 16:59:51.247  INFO 52934 --- [    Test worker] .b.t.c.SpringBootTestContextBootstrapper : Using TestExecutionListeners: [org.springframework.test.context.web.ServletTestExecutionListener@217cfc0a, org.springframework.test.context.support.DirtiesContextBeforeModesTestExecutionListener@332b47c3, org.springframework.boot.test.mock.mockito.MockitoTestExecutionListener@177ddbfd, org.springframework.boot.test.autoconfigure.SpringBootDependencyInjectionTestExecutionListener@63e28ff6, org.springframework.test.context.support.DirtiesContextTestExecutionListener@25b8b32c, org.springframework.test.context.transaction.TransactionalTestExecutionListener@4cc4ed07, org.springframework.test.context.jdbc.SqlScriptsTestExecutionListener@359f6551, org.springframework.security.test.context.support.WithSecurityContextTestExecutionListener@4275c12b, org.springframework.security.test.context.support.ReactorContextTestExecutionListener@22343b9a, org.springframework.boot.test.autoconfigure.restdocs.RestDocsTestExecutionListener@4973460e, org.springframework.boot.test.autoconfigure.web.client.MockRestServiceServerResetTestExecutionListener@708079c, org.springframework.boot.test.autoconfigure.web.servlet.MockMvcPrintOnlyOnFailureTestExecutionListener@6b98e2cf, org.springframework.boot.test.autoconfigure.web.servlet.WebDriverTestExecutionListener@68f3fccd, org.springframework.boot.test.mock.mockito.ResetMocksTestExecutionListener@3be384eb]

  .   ____          _            __ _ _
 /\\ / ___'_ __ _ _(_)_ __  __ _ \ \ \ \
( ( )\___ | '_ | '_| | '_ \/ _` | \ \ \ \
 \\/  ___)| |_)| | | | | || (_| |  ) ) ) )
  '  |____| .__|_| |_|_| |_\__, | / / / /
 =========|_|==============|___/=/_/_/_/
 :: Spring Boot ::        (v2.1.7.RELEASE)

2020-01-08 16:59:51.260  INFO 52934 --- [    Test worker] c.l.t.s.d.posts.PostsRepositoryTest      : Starting PostsRepositoryTest on Hanbyeolui-MacBook-Pro.local with PID 52934 (started by sanghyun in /Users/sanghyun/project/spring_boot_tutorial)
2020-01-08 16:59:51.260  INFO 52934 --- [    Test worker] c.l.t.s.d.posts.PostsRepositoryTest      : No active profile set, falling back to default profiles: default
2020-01-08 16:59:51.395  INFO 52934 --- [    Test worker] .s.d.r.c.RepositoryConfigurationDelegate : Bootstrapping Spring Data repositories in DEFAULT mode.
2020-01-08 16:59:51.404  INFO 52934 --- [    Test worker] .s.d.r.c.RepositoryConfigurationDelegate : Finished Spring Data repository scanning in 9ms. Found 2 repository interfaces.
2020-01-08 16:59:51.468  INFO 52934 --- [    Test worker] trationDelegate$BeanPostProcessorChecker : Bean 'org.springframework.transaction.annotation.ProxyTransactionManagementConfiguration' of type [org.springframework.transaction.annotation.ProxyTransactionManagementConfiguration$$EnhancerBySpringCGLIB$$756600fc] is not eligible for getting processed by all BeanPostProcessors (for example: not eligible for auto-proxying)
2020-01-08 16:59:51.532  INFO 52934 --- [    Test worker] com.zaxxer.hikari.HikariDataSource       : HikariPool-2 - Starting...
2020-01-08 16:59:51.533  INFO 52934 --- [    Test worker] com.zaxxer.hikari.HikariDataSource       : HikariPool-2 - Start completed.
2020-01-08 16:59:51.548  INFO 52934 --- [    Test worker] o.hibernate.jpa.internal.util.LogHelper  : HHH000204: Processing PersistenceUnitInfo [
	name: default
	...]
2020-01-08 16:59:51.552  INFO 52934 --- [    Test worker] org.hibernate.dialect.Dialect            : HHH000400: Using dialect: org.hibernate.dialect.MySQL5InnoDBDialect
Hibernate: drop table if exists posts
Hibernate: drop table if exists user
Hibernate: create table posts (id bigint not null auto_increment, create_date datetime, modified_date datetime, author varchar(255), content TEXT not null, title varchar(500) not null, primary key (id)) engine=InnoDB
Hibernate: create table user (id bigint not null auto_increment, create_date datetime, modified_date datetime, email varchar(255) not null, name varchar(255) not null, picture varchar(255), role varchar(255) not null, primary key (id)) engine=InnoDB
2020-01-08 16:59:51.594  INFO 52934 --- [    Test worker] o.h.t.schema.internal.SchemaCreatorImpl  : HHH000476: Executing import script 'org.hibernate.tool.schema.internal.exec.ScriptSourceInputNonExistentImpl@1a2bd18b'
2020-01-08 16:59:51.595  INFO 52934 --- [    Test worker] j.LocalContainerEntityManagerFactoryBean : Initialized JPA EntityManagerFactory for persistence unit 'default'
2020-01-08 16:59:51.718  INFO 52934 --- [    Test worker] o.h.h.i.QueryTranslatorFactoryInitiator  : HHH000397: Using ASTQueryTranslatorFactory
2020-01-08 16:59:51.808  INFO 52934 --- [    Test worker] o.s.s.web.DefaultSecurityFilterChain     : Creating filter chain: any request, [org.springframework.security.web.context.request.async.WebAsyncManagerIntegrationFilter@1d4ecebe, org.springframework.security.web.context.SecurityContextPersistenceFilter@35bdeace, org.springframework.security.web.header.HeaderWriterFilter@46ee3605, org.springframework.security.web.authentication.logout.LogoutFilter@4c1fcd7e, org.springframework.security.oauth2.client.web.OAuth2AuthorizationRequestRedirectFilter@274d72c6, org.springframework.security.oauth2.client.web.OAuth2LoginAuthenticationFilter@1a62da1a, org.springframework.security.web.authentication.ui.DefaultLoginPageGeneratingFilter@16aebeff, org.springframework.security.web.authentication.ui.DefaultLogoutPageGeneratingFilter@27795503, org.springframework.security.web.savedrequest.RequestCacheAwareFilter@233b1c5e, org.springframework.security.web.servletapi.SecurityContextHolderAwareRequestFilter@14d24822, org.springframework.security.web.authentication.AnonymousAuthenticationFilter@6beec868, org.springframework.security.web.session.SessionManagementFilter@4568e2cd, org.springframework.security.web.access.ExceptionTranslationFilter@d2c857, org.springframework.security.web.access.intercept.FilterSecurityInterceptor@36e19d81]
2020-01-08 16:59:51.991  INFO 52934 --- [    Test worker] o.s.s.concurrent.ThreadPoolTaskExecutor  : Initializing ExecutorService 'applicationTaskExecutor'
2020-01-08 16:59:52.000  WARN 52934 --- [    Test worker] aWebConfiguration$JpaWebMvcConfiguration : spring.jpa.open-in-view is enabled by default. Therefore, database queries may be performed during view rendering. Explicitly configure spring.jpa.open-in-view to disable this warning
2020-01-08 16:59:52.015  INFO 52934 --- [    Test worker] o.s.b.a.w.s.WelcomePageHandlerMapping    : Adding welcome page template: index
2020-01-08 16:59:52.245  INFO 52934 --- [    Test worker] s.a.ScheduledAnnotationBeanPostProcessor : No TaskScheduler/ScheduledExecutorService bean found for scheduled processing
2020-01-08 16:59:52.247  INFO 52934 --- [    Test worker] c.l.t.s.d.posts.PostsRepositoryTest      : Started PostsRepositoryTest in 0.998 seconds (JVM running for 8.376)
Hibernate: insert into posts (create_date, modified_date, author, content, title) values (?, ?, ?, ?, ?)
Hibernate: select posts0_.id as id1_0_, posts0_.create_date as create_d2_0_, posts0_.modified_date as modified3_0_, posts0_.author as author4_0_, posts0_.content as content5_0_, posts0_.title as title6_0_ from posts posts0_
Hibernate: select posts0_.id as id1_0_, posts0_.create_date as create_d2_0_, posts0_.modified_date as modified3_0_, posts0_.author as author4_0_, posts0_.content as content5_0_, posts0_.title as title6_0_ from posts posts0_
Hibernate: delete from posts where id=?
Hibernate: insert into posts (create_date, modified_date, author, content, title) values (?, ?, ?, ?, ?)
Hibernate: select posts0_.id as id1_0_, posts0_.create_date as create_d2_0_, posts0_.modified_date as modified3_0_, posts0_.author as author4_0_, posts0_.content as content5_0_, posts0_.title as title6_0_ from posts posts0_
>>>>>>>>>> createDate = 2020-01-08T16:59:52.268907, modifiedDate = 2020-01-08T16:59:52.268907
Hibernate: select posts0_.id as id1_0_, posts0_.create_date as create_d2_0_, posts0_.modified_date as modified3_0_, posts0_.author as author4_0_, posts0_.content as content5_0_, posts0_.title as title6_0_ from posts posts0_
Hibernate: delete from posts where id=?
]]></system-out>
  <system-err><![CDATA[]]></system-err>
</testsuite>
