<?xml version="1.0" encoding="UTF-8"?>
<testsuite name="com.leveloper.test.springboot.web.IndexControllerTest" tests="1" skipped="0" failures="0" errors="0" timestamp="2020-01-08T07:59:50" hostname="Hanbyeolui-MacBook-Pro.local" time="0.165">
  <properties/>
  <testcase name="메인페이지_로딩" classname="com.leveloper.test.springboot.web.IndexControllerTest" time="0.165"/>
  <system-out><![CDATA[2020-01-08 16:59:47.495  INFO 52934 --- [    Test worker] .b.t.c.SpringBootTestContextBootstrapper : Neither @ContextConfiguration nor @ContextHierarchy found for test class [com.leveloper.test.springboot.web.IndexControllerTest], using SpringBootContextLoader
2020-01-08 16:59:47.496  INFO 52934 --- [    Test worker] o.s.t.c.support.AbstractContextLoader    : Could not detect default resource locations for test class [com.leveloper.test.springboot.web.IndexControllerTest]: no resource found for suffixes {-context.xml, Context.groovy}.
2020-01-08 16:59:47.496  INFO 52934 --- [    Test worker] t.c.s.AnnotationConfigContextLoaderUtils : Could not detect default configuration classes for test class [com.leveloper.test.springboot.web.IndexControllerTest]: IndexControllerTest does not declare any static, non-private, non-final, nested classes annotated with @Configuration.
2020-01-08 16:59:47.497  INFO 52934 --- [    Test worker] .b.t.c.SpringBootTestContextBootstrapper : Found @SpringBootConfiguration com.leveloper.test.springboot.Application for test class com.leveloper.test.springboot.web.IndexControllerTest
2020-01-08 16:59:47.498  INFO 52934 --- [    Test worker] .b.t.c.SpringBootTestContextBootstrapper : Loaded default TestExecutionListener class names from location [META-INF/spring.factories]: [org.springframework.security.test.context.support.WithSecurityContextTestExecutionListener, org.springframework.security.test.context.support.ReactorContextTestExecutionListener, org.springframework.boot.test.autoconfigure.restdocs.RestDocsTestExecutionListener, org.springframework.boot.test.autoconfigure.web.client.MockRestServiceServerResetTestExecutionListener, org.springframework.boot.test.autoconfigure.web.servlet.MockMvcPrintOnlyOnFailureTestExecutionListener, org.springframework.boot.test.autoconfigure.web.servlet.WebDriverTestExecutionListener, org.springframework.boot.test.mock.mockito.MockitoTestExecutionListener, org.springframework.boot.test.mock.mockito.ResetMocksTestExecutionListener, org.springframework.test.context.web.ServletTestExecutionListener, org.springframework.test.context.support.DirtiesContextBeforeModesTestExecutionListener, org.springframework.test.context.support.DependencyInjectionTestExecutionListener, org.springframework.test.context.support.DirtiesContextTestExecutionListener, org.springframework.test.context.transaction.TransactionalTestExecutionListener, org.springframework.test.context.jdbc.SqlScriptsTestExecutionListener]
2020-01-08 16:59:47.499  INFO 52934 --- [    Test worker] .b.t.c.SpringBootTestContextBootstrapper : Using TestExecutionListeners: [org.springframework.test.context.web.ServletTestExecutionListener@3ffd22e9, org.springframework.test.context.support.DirtiesContextBeforeModesTestExecutionListener@1f802163, org.springframework.boot.test.mock.mockito.MockitoTestExecutionListener@4754d078, org.springframework.boot.test.autoconfigure.SpringBootDependencyInjectionTestExecutionListener@72776c14, org.springframework.test.context.support.DirtiesContextTestExecutionListener@244be2d9, org.springframework.test.context.transaction.TransactionalTestExecutionListener@3ade440a, org.springframework.test.context.jdbc.SqlScriptsTestExecutionListener@5be89439, org.springframework.security.test.context.support.WithSecurityContextTestExecutionListener@1236449c, org.springframework.security.test.context.support.ReactorContextTestExecutionListener@69902129, org.springframework.boot.test.autoconfigure.restdocs.RestDocsTestExecutionListener@2126c605, org.springframework.boot.test.autoconfigure.web.client.MockRestServiceServerResetTestExecutionListener@3e70d744, org.springframework.boot.test.autoconfigure.web.servlet.MockMvcPrintOnlyOnFailureTestExecutionListener@1e4266b2, org.springframework.boot.test.autoconfigure.web.servlet.WebDriverTestExecutionListener@7633953a, org.springframework.boot.test.mock.mockito.ResetMocksTestExecutionListener@61327317]

  .   ____          _            __ _ _
 /\\ / ___'_ __ _ _(_)_ __  __ _ \ \ \ \
( ( )\___ | '_ | '_| | '_ \/ _` | \ \ \ \
 \\/  ___)| |_)| | | | | || (_| |  ) ) ) )
  '  |____| .__|_| |_|_| |_\__, | / / / /
 =========|_|==============|___/=/_/_/_/
 :: Spring Boot ::        (v2.1.7.RELEASE)

2020-01-08 16:59:47.525  INFO 52934 --- [    Test worker] c.l.t.s.web.IndexControllerTest          : Starting IndexControllerTest on Hanbyeolui-MacBook-Pro.local with PID 52934 (started by sanghyun in /Users/sanghyun/project/spring_boot_tutorial)
2020-01-08 16:59:47.525  INFO 52934 --- [    Test worker] c.l.t.s.web.IndexControllerTest          : No active profile set, falling back to default profiles: default
2020-01-08 16:59:47.838  INFO 52934 --- [    Test worker] .s.d.r.c.RepositoryConfigurationDelegate : Bootstrapping Spring Data repositories in DEFAULT mode.
2020-01-08 16:59:47.894  INFO 52934 --- [    Test worker] .s.d.r.c.RepositoryConfigurationDelegate : Finished Spring Data repository scanning in 48ms. Found 2 repository interfaces.
2020-01-08 16:59:48.119  INFO 52934 --- [    Test worker] trationDelegate$BeanPostProcessorChecker : Bean 'org.springframework.transaction.annotation.ProxyTransactionManagementConfiguration' of type [org.springframework.transaction.annotation.ProxyTransactionManagementConfiguration$$EnhancerBySpringCGLIB$$756600fc] is not eligible for getting processed by all BeanPostProcessors (for example: not eligible for auto-proxying)
2020-01-08 16:59:48.357  INFO 52934 --- [    Test worker] o.s.b.w.embedded.tomcat.TomcatWebServer  : Tomcat initialized with port(s): 0 (http)
2020-01-08 16:59:48.387  INFO 52934 --- [    Test worker] o.apache.catalina.core.StandardService   : Starting service [Tomcat]
2020-01-08 16:59:48.388  INFO 52934 --- [    Test worker] org.apache.catalina.core.StandardEngine  : Starting Servlet engine: [Apache Tomcat/9.0.22]
2020-01-08 16:59:48.506  INFO 52934 --- [    Test worker] o.a.c.c.C.[Tomcat].[localhost].[/]       : Initializing Spring embedded WebApplicationContext
2020-01-08 16:59:48.506  INFO 52934 --- [    Test worker] o.s.web.context.ContextLoader            : Root WebApplicationContext: initialization completed in 979 ms
2020-01-08 16:59:48.717  INFO 52934 --- [    Test worker] com.zaxxer.hikari.HikariDataSource       : HikariPool-1 - Starting...
2020-01-08 16:59:48.864  INFO 52934 --- [    Test worker] com.zaxxer.hikari.HikariDataSource       : HikariPool-1 - Start completed.
2020-01-08 16:59:48.946  INFO 52934 --- [    Test worker] o.hibernate.jpa.internal.util.LogHelper  : HHH000204: Processing PersistenceUnitInfo [
	name: default
	...]
2020-01-08 16:59:49.003  INFO 52934 --- [    Test worker] org.hibernate.Version                    : HHH000412: Hibernate Core {5.3.10.Final}
2020-01-08 16:59:49.005  INFO 52934 --- [    Test worker] org.hibernate.cfg.Environment            : HHH000206: hibernate.properties not found
2020-01-08 16:59:49.043  INFO 52934 --- [    Test worker] o.hibernate.annotations.common.Version   : HCANN000001: Hibernate Commons Annotations {5.0.4.Final}
2020-01-08 16:59:49.162  INFO 52934 --- [    Test worker] org.hibernate.dialect.Dialect            : HHH000400: Using dialect: org.hibernate.dialect.MySQL5InnoDBDialect
Hibernate: drop table if exists posts
Hibernate: drop table if exists user
Hibernate: create table posts (id bigint not null auto_increment, create_date datetime, modified_date datetime, author varchar(255), content TEXT not null, title varchar(500) not null, primary key (id)) engine=InnoDB
Hibernate: create table user (id bigint not null auto_increment, create_date datetime, modified_date datetime, email varchar(255) not null, name varchar(255) not null, picture varchar(255), role varchar(255) not null, primary key (id)) engine=InnoDB
2020-01-08 16:59:49.686  INFO 52934 --- [    Test worker] o.h.t.schema.internal.SchemaCreatorImpl  : HHH000476: Executing import script 'org.hibernate.tool.schema.internal.exec.ScriptSourceInputNonExistentImpl@1a2bd18b'
2020-01-08 16:59:49.689  INFO 52934 --- [    Test worker] j.LocalContainerEntityManagerFactoryBean : Initialized JPA EntityManagerFactory for persistence unit 'default'
2020-01-08 16:59:50.234  INFO 52934 --- [    Test worker] o.h.h.i.QueryTranslatorFactoryInitiator  : HHH000397: Using ASTQueryTranslatorFactory
2020-01-08 16:59:50.457  INFO 52934 --- [    Test worker] o.s.s.web.DefaultSecurityFilterChain     : Creating filter chain: any request, [org.springframework.security.web.context.request.async.WebAsyncManagerIntegrationFilter@70c40b80, org.springframework.security.web.context.SecurityContextPersistenceFilter@70018b04, org.springframework.security.web.header.HeaderWriterFilter@61b1eb9a, org.springframework.security.web.authentication.logout.LogoutFilter@423a75fd, org.springframework.security.oauth2.client.web.OAuth2AuthorizationRequestRedirectFilter@3c66ed43, org.springframework.security.oauth2.client.web.OAuth2LoginAuthenticationFilter@6821b3f0, org.springframework.security.web.authentication.ui.DefaultLoginPageGeneratingFilter@3e9f9081, org.springframework.security.web.authentication.ui.DefaultLogoutPageGeneratingFilter@5c86c907, org.springframework.security.web.savedrequest.RequestCacheAwareFilter@460d8142, org.springframework.security.web.servletapi.SecurityContextHolderAwareRequestFilter@288e5f22, org.springframework.security.web.authentication.AnonymousAuthenticationFilter@1bf365bf, org.springframework.security.web.session.SessionManagementFilter@5328b5ff, org.springframework.security.web.access.ExceptionTranslationFilter@59cdeee8, org.springframework.security.web.access.intercept.FilterSecurityInterceptor@3020e9c8]
2020-01-08 16:59:50.588  INFO 52934 --- [    Test worker] o.s.s.concurrent.ThreadPoolTaskExecutor  : Initializing ExecutorService 'applicationTaskExecutor'
2020-01-08 16:59:50.604  WARN 52934 --- [    Test worker] aWebConfiguration$JpaWebMvcConfiguration : spring.jpa.open-in-view is enabled by default. Therefore, database queries may be performed during view rendering. Explicitly configure spring.jpa.open-in-view to disable this warning
2020-01-08 16:59:50.635  INFO 52934 --- [    Test worker] o.s.b.a.w.s.WelcomePageHandlerMapping    : Adding welcome page template: index
2020-01-08 16:59:50.878  INFO 52934 --- [    Test worker] s.a.ScheduledAnnotationBeanPostProcessor : No TaskScheduler/ScheduledExecutorService bean found for scheduled processing
2020-01-08 16:59:50.898  INFO 52934 --- [    Test worker] o.s.b.w.embedded.tomcat.TomcatWebServer  : Tomcat started on port(s): 63861 (http) with context path ''
2020-01-08 16:59:50.899  INFO 52934 --- [    Test worker] c.l.t.s.web.IndexControllerTest          : Started IndexControllerTest in 3.399 seconds (JVM running for 7.029)
2020-01-08 16:59:50.968  INFO 52934 --- [o-auto-1-exec-1] o.a.c.c.C.[Tomcat].[localhost].[/]       : Initializing Spring DispatcherServlet 'dispatcherServlet'
2020-01-08 16:59:50.968  INFO 52934 --- [o-auto-1-exec-1] o.s.web.servlet.DispatcherServlet        : Initializing Servlet 'dispatcherServlet'
2020-01-08 16:59:50.981  INFO 52934 --- [o-auto-1-exec-1] o.s.web.servlet.DispatcherServlet        : Completed initialization in 12 ms
Hibernate: select posts0_.id as id1_0_, posts0_.create_date as create_d2_0_, posts0_.modified_date as modified3_0_, posts0_.author as author4_0_, posts0_.content as content5_0_, posts0_.title as title6_0_ from posts posts0_ order by posts0_.id DESC
]]></system-out>
  <system-err><![CDATA[]]></system-err>
</testsuite>
